<?xml version="1.0" encoding="UTF-8"?>
<!-- Generated by org.testng.reporters.JUnitXMLReporter -->
<testsuite ignored="0" hostname="DESKTOP-SEE9OFQ" failures="9" tests="27" name=" onway Tests" time="4414.254" errors="0" timestamp="2025-08-25T18:47:39 IST">
  <testcase classname="com.iween.testcase.TCCP_11" name="myTest" time="82.03"/>
  <testcase classname="com.iween.testcase.TCCP_11" name="myTest" time="109.135"/>
  <testcase classname="com.iween.testcase.TCCP_11" name="myTest" time="124.548">
    <failure type="java.lang.AssertionError" message="null">
      <![CDATA[java.lang.AssertionError: null
at com.skytraveller.pageObjects.ResultPage.validateResultPage1(ResultPage.java:147)
at com.iween.testcase.TCCP_11.myTest(TCCP_11.java:142)
at java.base/java.util.ArrayList.forEach(ArrayList.java:1596)
... Removed 27 stack frames]]>
    </failure>
  </testcase> <!-- myTest -->
  <testcase classname="com.iween.testcase.TCCP_11" name="myTest" time="124.824">
    <failure type="java.lang.AssertionError" message="null">
      <![CDATA[java.lang.AssertionError: null
at com.skytraveller.pageObjects.ResultPage.validateResultPage1(ResultPage.java:147)
at com.iween.testcase.TCCP_11.myTest(TCCP_11.java:142)
at java.base/java.util.ArrayList.forEach(ArrayList.java:1596)
... Removed 27 stack frames]]>
    </failure>
  </testcase> <!-- myTest -->
  <testcase classname="com.iween.testcase.TCCP_11" name="myTest" time="290.305"/>
  <testcase classname="com.iween.testcase.TCCP_11" name="myTest" time="223.33"/>
  <testcase classname="com.iween.testcase.TCCP_11" name="myTest" time="342.921"/>
  <testcase classname="com.iween.testcase.TCCP_11" name="myTest" time="52.92"/>
  <testcase classname="com.iween.testcase.TCCP_11" name="myTest" time="82.615"/>
  <testcase classname="com.iween.testcase.TCCP_11" name="myTest" time="53.227"/>
  <testcase classname="com.iween.testcase.TCCP_11" name="myTest" time="77.582"/>
  <testcase classname="com.iween.testcase.TCCP_11" name="myTest" time="343.036"/>
  <testcase classname="com.iween.testcase.TCCP_11" name="myTest" time="149.487">
    <failure type="java.lang.AssertionError" message="null">
      <![CDATA[java.lang.AssertionError: null
at com.skytraveller.pageObjects.ResultPage.validateResultPage1(ResultPage.java:154)
at com.iween.testcase.TCCP_11.myTest(TCCP_11.java:142)
at java.base/java.util.ArrayList.forEach(ArrayList.java:1596)
... Removed 27 stack frames]]>
    </failure>
  </testcase> <!-- myTest -->
  <testcase classname="com.iween.testcase.TCCP_11" name="myTest" time="78.14"/>
  <testcase classname="com.iween.testcase.TCCP_11" name="myTest" time="125.935"/>
  <testcase classname="com.iween.testcase.TCCP_11" name="myTest" time="176.143">
    <failure type="java.lang.AssertionError" message="Flight details content mismatch. Check ExtentReport for full comparison.">
      <![CDATA[java.lang.AssertionError: Flight details content mismatch. Check ExtentReport for full comparison.
at com.skytraveller.pageObjects.BookingPage.validateFlightDetailsContentMatch(BookingPage.java:2243)
at com.iween.testcase.TCCP_11.myTest(TCCP_11.java:236)
at java.base/java.util.ArrayList.forEach(ArrayList.java:1596)
... Removed 26 stack frames]]>
    </failure>
  </testcase> <!-- myTest -->
  <testcase classname="com.iween.testcase.TCCP_11" name="myTest" time="72.565">
    <failure type="java.lang.AssertionError" message="Flight details mismatch. See ExtentReport for breakdown.">
      <![CDATA[java.lang.AssertionError: Flight details mismatch. See ExtentReport for breakdown.
at com.skytraveller.pageObjects.FlightDetails.validateFlightCardAndFlightDetails(FlightDetails.java:641)
at com.iween.testcase.TCCP_11.myTest(TCCP_11.java:217)
at java.base/java.util.ArrayList.forEach(ArrayList.java:1596)
... Removed 26 stack frames]]>
    </failure>
  </testcase> <!-- myTest -->
  <testcase classname="com.iween.testcase.TCCP_11" name="myTest" time="129.519">
    <failure type="java.lang.AssertionError" message="Flight details content mismatch. Check ExtentReport for full comparison.">
      <![CDATA[java.lang.AssertionError: Flight details content mismatch. Check ExtentReport for full comparison.
at com.skytraveller.pageObjects.BookingPage.validateFlightDetailsContentMatch(BookingPage.java:2243)
at com.iween.testcase.TCCP_11.myTest(TCCP_11.java:236)
at java.base/java.util.ArrayList.forEach(ArrayList.java:1596)
... Removed 26 stack frames]]>
    </failure>
  </testcase> <!-- myTest -->
  <testcase classname="com.iween.testcase.TCCP_11" name="myTest" time="209.547">
    <failure type="java.lang.AssertionError" message="Flight details content mismatch. Check ExtentReport for full comparison.">
      <![CDATA[java.lang.AssertionError: Flight details content mismatch. Check ExtentReport for full comparison.
at com.skytraveller.pageObjects.BookingPage.validateFlightDetailsContentMatch(BookingPage.java:2243)
at com.iween.testcase.TCCP_11.myTest(TCCP_11.java:236)
at java.base/java.util.ArrayList.forEach(ArrayList.java:1596)
... Removed 26 stack frames]]>
    </failure>
  </testcase> <!-- myTest -->
  <testcase classname="com.iween.testcase.TCCP_11" name="myTest" time="88.362">
    <failure type="java.lang.AssertionError" message="Flight details mismatch. See ExtentReport for breakdown.">
      <![CDATA[java.lang.AssertionError: Flight details mismatch. See ExtentReport for breakdown.
at com.skytraveller.pageObjects.FlightDetails.validateFlightCardAndFlightDetails(FlightDetails.java:641)
at com.iween.testcase.TCCP_11.myTest(TCCP_11.java:217)
at java.base/java.util.ArrayList.forEach(ArrayList.java:1596)
... Removed 26 stack frames]]>
    </failure>
  </testcase> <!-- myTest -->
  <testcase classname="com.iween.testcase.TCCP_11" name="myTest" time="319.085"/>
  <testcase classname="com.iween.testcase.TCCP_11" name="myTest" time="87.449">
    <failure type="java.lang.AssertionError" message="Flight details mismatch. See ExtentReport for breakdown.">
      <![CDATA[java.lang.AssertionError: Flight details mismatch. See ExtentReport for breakdown.
at com.skytraveller.pageObjects.FlightDetails.validateFlightCardAndFlightDetails(FlightDetails.java:641)
at com.iween.testcase.TCCP_11.myTest(TCCP_11.java:217)
at java.base/java.util.ArrayList.forEach(ArrayList.java:1596)
... Removed 26 stack frames]]>
    </failure>
  </testcase> <!-- myTest -->
  <testcase classname="com.iween.testcase.TCCP_11" name="myTest" time="168.351"/>
  <testcase classname="com.iween.testcase.TCCP_11" name="myTest" time="159.505"/>
  <testcase classname="com.iween.testcase.TCCP_11" name="myTest" time="277.344"/>
  <testcase classname="com.iween.testcase.TCCP_11" name="myTest" time="277.155"/>
  <testcase classname="com.iween.testcase.TCCP_11" name="myTest" time="97.258"/>
</testsuite> <!--  onway Tests -->
