<?xml version="1.0" encoding="UTF-8"?>
<!-- Generated by org.testng.reporters.JUnitXMLReporter -->
<testsuite ignored="0" hostname="DESKTOP-SEE9OFQ" failures="1" tests="3" name=" Search Tests" time="503.048" errors="0" timestamp="2025-08-20T23:00:41 IST">
  <testcase classname="com.iween.testcase.TCCP_10" name="myTest" time="151.028">
    <skipped/>
  </testcase> <!-- myTest -->
  <testcase classname="com.iween.testcase.TCCP_10" name="myTest" time="172.803">
    <skipped/>
  </testcase> <!-- myTest -->
  <testcase classname="com.iween.testcase.TCCP_10" name="myTest" time="149.65">
    <failure type="java.lang.AssertionError" message="Validation failed: route/name/price mismatch.">
      <![CDATA[java.lang.AssertionError: Validation failed: route/name/price mismatch.
at com.skytraveller.pageObjects.PaymentGateWayPage.validatePayMentPage(PaymentGateWayPage.java:239)
at com.iween.testcase.TCCP_10.myTest(TCCP_10.java:258)
at java.base/java.util.ArrayList.forEach(ArrayList.java:1596)
... Removed 26 stack frames]]>
    </failure>
  </testcase> <!-- myTest -->
</testsuite> <!--  Search Tests -->
