<?xml version="1.0" encoding="UTF-8"?>
<testng-results ignored="0" total="1" passed="1" failed="0" skipped="0">
  <reporter-output>
  </reporter-output>
  <suite started-at="2025-08-23T19:35:02 IST" name="iween Test Suite" finished-at="2025-08-23T19:36:42 IST" duration-ms="100659">
    <groups>
    </groups>
    <test started-at="2025-08-23T19:35:02 IST" name=" onway Tests" finished-at="2025-08-23T19:36:42 IST" duration-ms="100659">
      <class name="com.iween.testcase.TCCP_12">
        <test-method is-config="true" signature="setup(java.lang.String,java.lang.String,java.lang.reflect.Method)[pri:0, instance:com.iween.testcase.TCCP_12@7d7758be]" started-at="2025-08-23T19:35:02 IST" name="setup" finished-at="2025-08-23T19:35:10 IST" duration-ms="7159" status="PASS">
          <params>
            <param index="0">
              <value>
                <![CDATA[Windows]]>
              </value>
            </param>
            <param index="1">
              <value>
                <![CDATA[chrome]]>
              </value>
            </param>
            <param index="2">
              <value>
                <![CDATA[public void com.iween.testcase.TCCP_12.myTest(java.util.Map) throws java.lang.Exception]]>
              </value>
            </param>
          </params>
          <reporter-output>
          </reporter-output>
        </test-method> <!-- setup -->
        <test-method signature="myTest(java.util.Map)[pri:0, instance:com.iween.testcase.TCCP_12@7d7758be]" started-at="2025-08-23T19:35:10 IST" name="myTest" data-provider="excelData" finished-at="2025-08-23T19:36:42 IST" duration-ms="92152" status="PASS">
          <params>
            <param index="0">
              <value>
                <![CDATA[{Going To=KBL, AdultsCounts=1, InfantsCount=0, TravelClass=Economy, FlightCardBasedOnIndex=1, SKIP=, Depart From=DXB, ChildrenCount=0}]]>
              </value>
            </param>
          </params>
          <reporter-output>
          </reporter-output>
        </test-method> <!-- myTest -->
        <test-method is-config="true" signature="tearDown()[pri:0, instance:com.iween.testcase.TCCP_12@7d7758be]" started-at="2025-08-23T19:36:42 IST" name="tearDown" finished-at="2025-08-23T19:36:42 IST" duration-ms="576" status="PASS">
          <reporter-output>
          </reporter-output>
        </test-method> <!-- tearDown -->
      </class> <!-- com.iween.testcase.TCCP_12 -->
    </test> <!--  onway Tests -->
  </suite> <!-- iween Test Suite -->
</testng-results>
